<?xml version="1.0" encoding="UTF-8"?>
<testng-results skipped="0" failed="0" total="1" passed="1">
  <reporter-output>
  </reporter-output>
  <suite name="Suite" duration-ms="39572" started-at="2019-02-05T17:58:36Z" finished-at="2019-02-05T17:59:15Z">
    <groups>
    </groups>
    <test name="Test" duration-ms="39572" started-at="2019-02-05T17:58:36Z" finished-at="2019-02-05T17:59:15Z">
      <class name="TestCase.LoginPage_TestCase">
        <test-method status="PASS" signature="setup()[pri:0, instance:TestCase.LoginPage_TestCase@204f30ec]" name="setup" is-config="true" duration-ms="31654" started-at="2019-02-05T23:28:36Z" finished-at="2019-02-05T23:29:07Z">
          <reporter-output>
          </reporter-output>
        </test-method> <!-- setup -->
        <test-method status="PASS" signature="validatelogin(java.lang.String, java.lang.String)[pri:0, instance:TestCase.LoginPage_TestCase@204f30ec]" name="validatelogin" duration-ms="1216" started-at="2019-02-05T23:29:14Z" data-provider="getlogindata" finished-at="2019-02-05T23:29:15Z">
          <params>
            <param index="0">
              <value>
                <![CDATA[demosalesmanager]]>
              </value>
            </param>
            <param index="1">
              <value>
                <![CDATA[crmsfa]]>
              </value>
            </param>
          </params>
          <reporter-output>
          </reporter-output>
        </test-method> <!-- validatelogin -->
      </class> <!-- TestCase.LoginPage_TestCase -->
    </test> <!-- Test -->
  </suite> <!-- Suite -->
</testng-results>
